22:15:12 **** Build of configuration Nios II for project ros_ethernet ****
make all 
Info: Building ../ros_ethernet_bsp/
make --no-print-directory -C ../ros_ethernet_bsp/
[BSP build complete]
Info: Compiling FreeRTOS-Plus/FreeRTOS-Plus-TCP/FreeRTOS_ARP.c to obj/default/FreeRTOS-Plus/FreeRTOS-Plus-TCP/FreeRTOS_ARP.o
nios2-elf-gcc -xc -MP -MMD -c -I../ros_ethernet_bsp//drivers/inc -I../ros_ethernet_bsp//HAL/inc -I../ros_ethernet_bsp/ -I../ros_ethernet_bsp//drivers/inc -IFreeRTOS -IFreeRTOS/Common_Demo_Tasks -IFreeRTOS/Common_Demo_Tasks/include -IFreeRTOS/Source -IFreeRTOS/Source/include -IFreeRTOS/Source/portable/GCC/NiosII -IFreeRTOS/ParTest -IFreeRTOS/Source/portable/MenMang -IFreeRTOS-Plus/FreeRTOS-Plus-TCP -IFreeRTOS-Plus/FreeRTOS-Plus-TCP/portable/Compiler/GCC -IFreeRTOS-Plus/FreeRTOS-Plus-TCP/include  -pipe -D__hal__ -DALT_NO_INSTRUCTION_EMULATION -DALTERA_TRIPLE_SPEED_MAC -DALT_SINGLE_THREADED -DALTERA_AUTONEG_TIMEOUT_THRESHOLD=2500 -DALTERA_CHECKLINK_TIMEOUT_THRESHOLD=10000 -DALTERA_NOMDIO_TIMEOUT_THRESHOLD=1000000    -O0 -g -Wall   -mno-hw-div -mno-hw-mul -mno-hw-mulx -mgpopt=global  -o obj/default/FreeRTOS-Plus/FreeRTOS-Plus-TCP/FreeRTOS_ARP.o FreeRTOS-Plus/FreeRTOS-Plus-TCP/FreeRTOS_ARP.c
Info: Compiling ros_ethernet.c to obj/default/ros_ethernet.o
nios2-elf-gcc -xc -MP -MMD -c -I../ros_ethernet_bsp//drivers/inc -I../ros_ethernet_bsp//HAL/inc -I../ros_ethernet_bsp/ -I../ros_ethernet_bsp//drivers/inc -IFreeRTOS -IFreeRTOS/Common_Demo_Tasks -IFreeRTOS/Common_Demo_Tasks/include -IFreeRTOS/Source -IFreeRTOS/Source/include -IFreeRTOS/Source/portable/GCC/NiosII -IFreeRTOS/ParTest -IFreeRTOS/Source/portable/MenMang -IFreeRTOS-Plus/FreeRTOS-Plus-TCP -IFreeRTOS-Plus/FreeRTOS-Plus-TCP/portable/Compiler/GCC -IFreeRTOS-Plus/FreeRTOS-Plus-TCP/include  -pipe -D__hal__ -DALT_NO_INSTRUCTION_EMULATION -DALTERA_TRIPLE_SPEED_MAC -DALT_SINGLE_THREADED -DALTERA_AUTONEG_TIMEOUT_THRESHOLD=2500 -DALTERA_CHECKLINK_TIMEOUT_THRESHOLD=10000 -DALTERA_NOMDIO_TIMEOUT_THRESHOLD=1000000    -O0 -g -Wall   -mno-hw-div -mno-hw-mul -mno-hw-mulx -mgpopt=global  -o obj/default/ros_ethernet.o ros_ethernet.c
ros_ethernet.c: In function 'main':
ros_ethernet.c:87:5: warning: implicit declaration of function 'FreeRTOS_IPInit' [-Wimplicit-function-declaration]
     FreeRTOS_IPInit( ucIPAddress,
     ^
Info: Linking ros_ethernet.elf
nios2-elf-g++  -T'../ros_ethernet_bsp//linker.x' -msys-crt0='../ros_ethernet_bsp//obj/HAL/src/crt0.o' -msys-lib=hal_bsp -L../ros_ethernet_bsp/   -Wl,-Map=ros_ethernet.map   -O0 -g -Wall   -mno-hw-div -mno-hw-mul -mno-hw-mulx -mgpopt=global  -o ros_ethernet.elf obj/default/FreeRTOS-Plus/FreeRTOS-Plus-TCP/FreeRTOS_ARP.o obj/default/FreeRTOS-Plus/FreeRTOS-Plus-TCP/FreeRTOS_DHCP.o obj/default/FreeRTOS-Plus/FreeRTOS-Plus-TCP/FreeRTOS_DNS.o obj/default/FreeRTOS-Plus/FreeRTOS-Plus-TCP/FreeRTOS_IP.o obj/default/FreeRTOS-Plus/FreeRTOS-Plus-TCP/FreeRTOS_Sockets.o obj/default/FreeRTOS-Plus/FreeRTOS-Plus-TCP/FreeRTOS_Stream_Buffer.o obj/default/FreeRTOS-Plus/FreeRTOS-Plus-TCP/FreeRTOS_TCP_IP.o obj/default/FreeRTOS-Plus/FreeRTOS-Plus-TCP/FreeRTOS_TCP_WIN.o obj/default/FreeRTOS-Plus/FreeRTOS-Plus-TCP/FreeRTOS_UDP_IP.o obj/default/FreeRTOS-Plus/FreeRTOS-Plus-TCP/portable/BufferManagement/BufferAllocation_2.o obj/default/FreeRTOS/Common_Demo_Tasks/BlockQ.o obj/default/FreeRTOS/Common_Demo_Tasks/GenQTest.o obj/default/FreeRTOS/Common_Demo_Tasks/PollQ.o obj/default/FreeRTOS/Common_Demo_Tasks/QPeek.o obj/default/FreeRTOS/Common_Demo_Tasks/blocktim.o obj/default/FreeRTOS/Common_Demo_Tasks/comtest.o obj/default/FreeRTOS/Common_Demo_Tasks/countsem.o obj/default/FreeRTOS/Common_Demo_Tasks/death.o obj/default/FreeRTOS/Common_Demo_Tasks/dynamic.o obj/default/FreeRTOS/Common_Demo_Tasks/flash.o obj/default/FreeRTOS/Common_Demo_Tasks/integer.o obj/default/FreeRTOS/Common_Demo_Tasks/recmutex.o obj/default/FreeRTOS/Common_Demo_Tasks/semtest.o obj/default/FreeRTOS/ParTest/ParTest.o obj/default/FreeRTOS/Source/list.o obj/default/FreeRTOS/Source/portable/GCC/NiosII/port.o obj/default/FreeRTOS/Source/portable/MenMang/heap_4.o obj/default/FreeRTOS/Source/queue.o obj/default/FreeRTOS/Source/tasks.o obj/default/FreeRTOS/Source/timers.o obj/default/FreeRTOS/serial.o obj/default/ros_ethernet.o obj/default/FreeRTOS/Source/portable/GCC/NiosII/port_asm.o -lm -msys-lib=m
obj/default/FreeRTOS-Plus/FreeRTOS-Plus-TCP/FreeRTOS_ARP.o: In function `FreeRTOS_OutputARPRequest':
/home/nestor/repositorios/DE2-115_ros_ethernet/software/ros_ethernet/FreeRTOS-Plus/FreeRTOS-Plus-TCP/FreeRTOS_ARP.c:584: undefined reference to `xNetworkInterfaceOutput'
obj/default/FreeRTOS-Plus/FreeRTOS-Plus-TCP/FreeRTOS_IP.o: In function `prvProcessNetworkDownEvent':
/home/nestor/repositorios/DE2-115_ros_ethernet/software/ros_ethernet/FreeRTOS-Plus/FreeRTOS-Plus-TCP/FreeRTOS_IP.c:1299: undefined reference to `xNetworkInterfaceInitialise'
obj/default/FreeRTOS-Plus/FreeRTOS-Plus-TCP/FreeRTOS_IP.o: In function `vReturnEthernetFrame':
Makefile:1105: recipe for target 'ros_ethernet.elf' failed
/home/nestor/repositorios/DE2-115_ros_ethernet/software/ros_ethernet/FreeRTOS-Plus/FreeRTOS-Plus-TCP/FreeRTOS_IP.c:2192: undefined reference to `xNetworkInterfaceOutput'
obj/default/FreeRTOS-Plus/FreeRTOS-Plus-TCP/FreeRTOS_Sockets.o: In function `FreeRTOS_socket':
/home/nestor/repositorios/DE2-115_ros_ethernet/software/ros_ethernet/FreeRTOS-Plus/FreeRTOS-Plus-TCP/FreeRTOS_Sockets.c:289: undefined reference to `xEventGroupCreate'
obj/default/FreeRTOS-Plus/FreeRTOS-Plus-TCP/FreeRTOS_Sockets.o: In function `FreeRTOS_recvfrom':
/home/nestor/repositorios/DE2-115_ros_ethernet/software/ros_ethernet/FreeRTOS-Plus/FreeRTOS-Plus-TCP/FreeRTOS_Sockets.c:649: undefined reference to `xEventGroupWaitBits'
obj/default/FreeRTOS-Plus/FreeRTOS-Plus-TCP/FreeRTOS_Sockets.o: In function `FreeRTOS_bind':
/home/nestor/repositorios/DE2-115_ros_ethernet/software/ros_ethernet/FreeRTOS-Plus/FreeRTOS-Plus-TCP/FreeRTOS_Sockets.c:948: undefined reference to `xEventGroupWaitBits'
obj/default/FreeRTOS-Plus/FreeRTOS-Plus-TCP/FreeRTOS_Sockets.o: In function `vSocketClose':
/home/nestor/repositorios/DE2-115_ros_ethernet/software/ros_ethernet/FreeRTOS-Plus/FreeRTOS-Plus-TCP/FreeRTOS_Sockets.c:1211: undefined reference to `vEventGroupDelete'
obj/default/FreeRTOS-Plus/FreeRTOS-Plus-TCP/FreeRTOS_Sockets.o: In function `vSocketWakeUpUser':
/home/nestor/repositorios/DE2-115_ros_ethernet/software/ros_ethernet/FreeRTOS-Plus/FreeRTOS-Plus-TCP/FreeRTOS_Sockets.c:1878: undefined reference to `xEventGroupSetBits'
obj/default/FreeRTOS-Plus/FreeRTOS-Plus-TCP/FreeRTOS_Sockets.o: In function `FreeRTOS_connect':
/home/nestor/repositorios/DE2-115_ros_ethernet/software/ros_ethernet/FreeRTOS-Plus/FreeRTOS-Plus-TCP/FreeRTOS_Sockets.c:2059: undefined reference to `xEventGroupWaitBits'
obj/default/FreeRTOS-Plus/FreeRTOS-Plus-TCP/FreeRTOS_Sockets.o: In function `FreeRTOS_accept':
/home/nestor/repositorios/DE2-115_ros_ethernet/software/ros_ethernet/FreeRTOS-Plus/FreeRTOS-Plus-TCP/FreeRTOS_Sockets.c:2187: undefined reference to `xEventGroupWaitBits'
obj/default/FreeRTOS-Plus/FreeRTOS-Plus-TCP/FreeRTOS_Sockets.o: In function `FreeRTOS_recv':
/home/nestor/repositorios/DE2-115_ros_ethernet/software/ros_ethernet/FreeRTOS-Plus/FreeRTOS-Plus-TCP/FreeRTOS_Sockets.c:2288: undefined reference to `xEventGroupWaitBits'
obj/default/FreeRTOS-Plus/FreeRTOS-Plus-TCP/FreeRTOS_Sockets.o: In function `FreeRTOS_send':
/home/nestor/repositorios/DE2-115_ros_ethernet/software/ros_ethernet/FreeRTOS-Plus/FreeRTOS-Plus-TCP/FreeRTOS_Sockets.c:2586: undefined reference to `xEventGroupWaitBits'
obj/default/FreeRTOS-Plus/FreeRTOS-Plus-TCP/FreeRTOS_TCP_IP.o: In function `prvTCPReturnPacket':
/home/nestor/repositorios/DE2-115_ros_ethernet/software/ros_ethernet/FreeRTOS-Plus/FreeRTOS-Plus-TCP/FreeRTOS_TCP_IP.c:928: undefined reference to `xNetworkInterfaceOutput'
obj/default/FreeRTOS-Plus/FreeRTOS-Plus-TCP/FreeRTOS_TCP_IP.o: In function `prvTCPPrepareConnect':
/home/nestor/repositorios/DE2-115_ros_ethernet/software/ros_ethernet/FreeRTOS-Plus/FreeRTOS-Plus-TCP/FreeRTOS_TCP_IP.c:1028: undefined reference to `ulApplicationGetNextSequenceNumber'
obj/default/FreeRTOS-Plus/FreeRTOS-Plus-TCP/FreeRTOS_TCP_IP.o: In function `prvHandleListen':
/home/nestor/repositorios/DE2-115_ros_ethernet/software/ros_ethernet/FreeRTOS-Plus/FreeRTOS-Plus-TCP/FreeRTOS_TCP_IP.c:3086: undefined reference to `ulApplicationGetNextSequenceNumber'
obj/default/FreeRTOS-Plus/FreeRTOS-Plus-TCP/FreeRTOS_UDP_IP.o: In function `vProcessGeneratedUDPPacket':
/home/nestor/repositorios/DE2-115_ros_ethernet/software/ros_ethernet/FreeRTOS-Plus/FreeRTOS-Plus-TCP/FreeRTOS_UDP_IP.c:228: undefined reference to `xNetworkInterfaceOutput'
obj/default/FreeRTOS-Plus/FreeRTOS-Plus-TCP/FreeRTOS_UDP_IP.o: In function `xProcessReceivedUDPPacket':
/home/nestor/repositorios/DE2-115_ros_ethernet/software/ros_ethernet/FreeRTOS-Plus/FreeRTOS-Plus-TCP/FreeRTOS_UDP_IP.c:314: undefined reference to `xEventGroupSetBits'
collect2: error: ld returned 1 exit status
make: *** [ros_ethernet.elf] Error 1

22:15:13 Build Finished (took 267ms)

